<?xml version="1.0" encoding="UTF-8"?>
<testng-results ignored="0" total="1" passed="1" failed="0" skipped="0">
  <reporter-output>
  </reporter-output>
  <suite started-at="2024-08-09T10:58:48 IST" name="Default suite" finished-at="2024-08-09T11:02:22 IST" duration-ms="213952">
    <groups>
    </groups>
    <test started-at="2024-08-09T10:58:48 IST" name="Default test" finished-at="2024-08-09T11:02:22 IST" duration-ms="213952">
      <class name="tests_AssignmentTask_BlocksOne.MetaMask">
        <test-method is-config="true" signature="start_Browser()[pri:0, instance:tests_AssignmentTask_BlocksOne.MetaMask@6cd28fa7]" started-at="2024-08-09T10:58:48 IST" name="start_Browser" finished-at="2024-08-09T11:00:39 IST" duration-ms="110918" status="PASS">
          <reporter-output>
          </reporter-output>
        </test-method> <!-- start_Browser -->
        <test-method signature="openChromeExtension()[pri:0, instance:tests_AssignmentTask_BlocksOne.MetaMask@6cd28fa7]" started-at="2024-08-09T11:00:39 IST" name="openChromeExtension" finished-at="2024-08-09T11:02:21 IST" duration-ms="102653" status="PASS">
          <reporter-output>
          </reporter-output>
        </test-method> <!-- openChromeExtension -->
        <test-method is-config="true" signature="tearDown()[pri:0, instance:tests_AssignmentTask_BlocksOne.MetaMask@6cd28fa7]" started-at="2024-08-09T11:02:21 IST" name="tearDown" finished-at="2024-08-09T11:02:21 IST" duration-ms="10" status="PASS">
          <reporter-output>
          </reporter-output>
        </test-method> <!-- tearDown -->
      </class> <!-- tests_AssignmentTask_BlocksOne.MetaMask -->
    </test> <!-- Default test -->
  </suite> <!-- Default suite -->
</testng-results>
