<?xml version="1.0" encoding="UTF-8"?>
<testng-results ignored="0" total="1" passed="1" failed="0" skipped="0">
  <reporter-output>
  </reporter-output>
  <suite started-at="2024-08-14T18:24:36 IST" name="Default suite" finished-at="2024-08-14T18:25:02 IST" duration-ms="26763">
    <groups>
    </groups>
    <test started-at="2024-08-14T18:24:36 IST" name="Default test" finished-at="2024-08-14T18:25:02 IST" duration-ms="26763">
      <class name="tests_AssignmentTask_BlocksOne.TrialAndError">
        <test-method is-config="true" signature="start_Browser()[pri:0, instance:tests_AssignmentTask_BlocksOne.TrialAndError@15ff3e9e]" started-at="2024-08-14T18:24:36 IST" name="start_Browser" finished-at="2024-08-14T18:24:44 IST" duration-ms="8538" status="PASS">
          <reporter-output>
          </reporter-output>
        </test-method> <!-- start_Browser -->
        <test-method signature="verify_window()[pri:0, instance:tests_AssignmentTask_BlocksOne.TrialAndError@15ff3e9e]" started-at="2024-08-14T18:24:44 IST" name="verify_window" finished-at="2024-08-14T18:25:02 IST" duration-ms="18193" status="PASS">
          <reporter-output>
          </reporter-output>
        </test-method> <!-- verify_window -->
        <test-method is-config="true" signature="tearDown()[pri:0, instance:tests_AssignmentTask_BlocksOne.TrialAndError@15ff3e9e]" started-at="2024-08-14T18:25:02 IST" name="tearDown" finished-at="2024-08-14T18:25:02 IST" duration-ms="0" status="PASS">
          <reporter-output>
          </reporter-output>
        </test-method> <!-- tearDown -->
      </class> <!-- tests_AssignmentTask_BlocksOne.TrialAndError -->
    </test> <!-- Default test -->
  </suite> <!-- Default suite -->
</testng-results>
